This file contains any messages produced by compilers while
running configure, to aid debugging if configure makes a mistake.

It was created by configure, which was
generated by GNU Autoconf 2.69.  Invocation command line was

  $ ./configure --no-create --no-recursion

## --------- ##
## Platform. ##
## --------- ##

hostname = MBP-de-David
uname -m = x86_64
uname -r = 15.0.0
uname -s = Darwin
uname -v = Darwin Kernel Version 15.0.0: Sat Sep 19 15:53:46 PDT 2015; root:xnu-3247.10.11~1/RELEASE_X86_64

/usr/bin/uname -p = i386
/bin/uname -X     = unknown

/bin/arch              = unknown
/usr/bin/arch -k       = unknown
/usr/convex/getsysinfo = unknown
/usr/bin/hostinfo      = Mach kernel version:
	 Darwin Kernel Version 15.0.0: Sat Sep 19 15:53:46 PDT 2015; root:xnu-3247.10.11~1/RELEASE_X86_64
Kernel configured for up to 4 processors.
2 processors are physically available.
4 processors are logically available.
Processor type: i486 (Intel 80486)
Processors active: 0 1 2 3
Primary memory available: 8.00 gigabytes
Default processor set: 275 tasks, 1516 threads, 4 processors
Load average: 1.47, Mach factor: 2.52
/bin/machine           = unknown
/usr/bin/oslevel       = unknown
/bin/universe          = unknown

PATH: /Users/david/.opam/4.02.1/bin
PATH: /opt/local/bin
PATH: /opt/local/sbin
PATH: /usr/local/bin
PATH: /usr/bin
PATH: /bin
PATH: /usr/sbin
PATH: /sbin
PATH: /opt/X11/bin
PATH: /Library/TeX/texbin


## ----------- ##
## Core tests. ##
## ----------- ##

configure:1689: checking for ocamlc.opt
configure:1705: found /Users/david/.opam/4.02.1/bin/ocamlc.opt
configure:1717: result: ocamlc.opt
configure:1738: checking for ocamlfind
configure:1754: found /Users/david/.opam/4.02.1/bin/ocamlfind
configure:1766: result: yes
configure:1788: checking for ocamlopt.opt
configure:1804: found /Users/david/.opam/4.02.1/bin/ocamlopt.opt
configure:1816: result: ocamlopt.opt
configure:1834: checking for ocamldep
configure:1850: found /Users/david/.opam/4.02.1/bin/ocamldep
configure:1862: result: ocamldep
configure:1876: checking for ocamllex
configure:1892: found /Users/david/.opam/4.02.1/bin/ocamllex
configure:1904: result: ocamllex
configure:1918: checking for ocamlyacc
configure:1934: found /Users/david/.opam/4.02.1/bin/ocamlyacc
configure:1946: result: ocamlyacc
configure:2106: checking for /Users/david/.opam/4.02.1/lib/ocaml/functory/functory.cma
configure:2120: result: no
configure:2129: result: Cannot find functory library.
configure:2194: result: Compiling without support for Z3.
configure:2199: checking platform
configure:2382: creating ./config.status

## ---------------- ##
## Cache variables. ##
## ---------------- ##

ac_cv_env_build_alias_set=
ac_cv_env_build_alias_value=
ac_cv_env_host_alias_set=
ac_cv_env_host_alias_value=
ac_cv_env_target_alias_set=
ac_cv_env_target_alias_value=
ac_cv_file__Users_david__opam_4_02_1_lib_ocaml_functory_functory_cma=no
ac_cv_prog_OCAMLC=ocamlc.opt
ac_cv_prog_OCAMLDEP=ocamldep
ac_cv_prog_OCAMLLEX=ocamllex
ac_cv_prog_OCAMLOPT=ocamlopt.opt
ac_cv_prog_OCAMLYACC=ocamlyacc
ac_cv_prog_USEOCAMLFIND=yes

## ----------------- ##
## Output variables. ##
## ----------------- ##

ALTERGOLIB=''
DEFS='-DPACKAGE_NAME=\"\" -DPACKAGE_TARNAME=\"\" -DPACKAGE_VERSION=\"\" -DPACKAGE_STRING=\"\" -DPACKAGE_BUGREPORT=\"\" -DPACKAGE_URL=\"\"'
ECHO_C='\c'
ECHO_N=''
ECHO_T=''
EXE=''
FUNCTORYLIB=''
LIBOBJS=''
LIBS=''
LTLIBOBJS=''
OCAMLBEST='opt'
OCAMLC='ocamlc.opt'
OCAMLDEP='ocamldep'
OCAMLGRAPHLIB='-I /Users/david/.opam/4.02.1/lib/ocamlgraph'
OCAMLLEX='ocamllex'
OCAMLLIB='/Users/david/.opam/4.02.1/lib/ocaml'
OCAMLOPT='ocamlopt.opt'
OCAMLVERSION='4.02.1'
OCAMLWIN32='no'
OCAMLYACC='ocamlyacc'
PACKAGE_BUGREPORT=''
PACKAGE_NAME=''
PACKAGE_STRING=''
PACKAGE_TARNAME=''
PACKAGE_URL=''
PACKAGE_VERSION=''
PATH_SEPARATOR=':'
SHELL='/bin/sh'
USEOCAMLFIND='yes'
Z3CCFLAGS=''
Z3LIB=''
ZARITHLIB='-I /Users/david/.opam/4.02.1/lib/zarith'
bindir='${exec_prefix}/bin'
build_alias=''
datadir='${datarootdir}'
datarootdir='${prefix}/share'
docdir='${datarootdir}/doc/${PACKAGE}'
dvidir='${docdir}'
exec_prefix='${prefix}'
host_alias=''
htmldir='${docdir}'
includedir='${prefix}/include'
infodir='${datarootdir}/info'
libdir='${exec_prefix}/lib'
libexecdir='${exec_prefix}/libexec'
localedir='${datarootdir}/locale'
localstatedir='${prefix}/var'
mandir='${datarootdir}/man'
oldincludedir='/usr/include'
pdfdir='${docdir}'
prefix='/usr/local'
program_transform_name='s,x,x,'
psdir='${docdir}'
sbindir='${exec_prefix}/sbin'
sharedstatedir='${prefix}/com'
sysconfdir='${prefix}/etc'
target_alias=''

## ----------- ##
## confdefs.h. ##
## ----------- ##

/* confdefs.h */
#define PACKAGE_NAME ""
#define PACKAGE_TARNAME ""
#define PACKAGE_VERSION ""
#define PACKAGE_STRING ""
#define PACKAGE_BUGREPORT ""
#define PACKAGE_URL ""

configure: exit 0

## ---------------------- ##
## Running config.status. ##
## ---------------------- ##

This file was extended by config.status, which was
generated by GNU Autoconf 2.69.  Invocation command line was

  CONFIG_FILES    = 
  CONFIG_HEADERS  = 
  CONFIG_LINKS    = 
  CONFIG_COMMANDS = 
  $ ./config.status 

on MBP-de-David

config.status:728: creating Makefile

## ---------------------- ##
## Running config.status. ##
## ---------------------- ##

This file was extended by config.status, which was
generated by GNU Autoconf 2.69.  Invocation command line was

  CONFIG_FILES    = 
  CONFIG_HEADERS  = 
  CONFIG_LINKS    = 
  CONFIG_COMMANDS = 
  $ ./config.status 

on MBP-de-David

config.status:728: creating Makefile
